<?xml version="1.0" encoding="UTF-8"?>
<!-- Generated by org.testng.reporters.JUnitXMLReporter -->
<testsuite hostname="YCSLAP0575" failures="0" tests="3" name="Default test" time="42.33" errors="0" timestamp="17 Oct 2022 20:11:00 GMT">
  <testcase classname="com.mercury.test.FlightFinderRegressionSuite" name="VerifyPassengersValueSelection" time="0.206"/>
  <testcase classname="com.mercury.test.FlightFinderRegressionSuite" name="verifyDepartingFromValueSelection" time="0.181"/>
  <testcase classname="com.mercury.test.FlightFinderRegressionSuite" name="verifyDefaultSelectionFlightType" time="0.176"/>
</testsuite> <!-- Default test -->
