<?xml version="1.0" encoding="UTF-8"?>
<!-- Generated by org.testng.reporters.JUnitXMLReporter -->
<testsuite hostname="YCSLAP0575" failures="0" tests="3" name="Flight Finder Regression Suite" time="35.908" errors="0" timestamp="21 Oct 2022 20:35:49 GMT">
  <testcase classname="com.mercury.test.FlightFinderRegressionSuite" name="VerifyPassengersValueSelection" time="0.182"/>
  <testcase classname="com.mercury.test.FlightFinderRegressionSuite" name="verifyDepartingFromValueSelection" time="0.199"/>
  <testcase classname="com.mercury.test.FlightFinderRegressionSuite" name="verifyDefaultSelectionFlightType" time="0.2"/>
</testsuite> <!-- Flight Finder Regression Suite -->
