<?xml version="1.0" encoding="UTF-8"?>
<!-- Generated by org.testng.reporters.JUnitXMLReporter -->
<testsuite ignored="0" hostname="YCSLAP0575" failures="0" tests="4" name="Default test" time="44.231" errors="0" timestamp="2022-11-03T02:25:31 IST">
  <testcase classname="com.mercury.gradle.test.FlightFinderRegressionSuite" name="verifyDefaultSelectionFlightType" time="0.203"/>
  <testcase classname="com.mercury.gradle.test.FlightFinderRegressionSuite" name="verifyDepartingFromValueSelection" time="0.179"/>
  <testcase classname="com.mercury.gradle.test.FlightFinderRegressionSuite" name="arrivingInValueSelection" time="0.17"/>
  <testcase classname="com.mercury.gradle.test.FlightFinderRegressionSuite" name="airlinesValueSelection" time="0.164"/>
</testsuite> <!-- Default test -->
