<?xml version="1.0" encoding="UTF-8"?>
<testng-results ignored="0" total="0" passed="0" failed="0" skipped="0">
  <reporter-output>
  </reporter-output>
  <suite started-at="2022-11-05T13:01:23 IST" name="Mercury Tours Regression Suite" finished-at="2022-11-05T13:01:23 IST" duration-ms="488">
    <groups>
    </groups>
    <test started-at="2022-11-05T13:01:23 IST" name="Login Regression Suite" finished-at="2022-11-05T13:01:23 IST" duration-ms="76">
    </test> <!-- Login Regression Suite -->
    <test started-at="2022-11-05T13:01:23 IST" name="Flight Finder Regression Suite" finished-at="2022-11-05T13:01:23 IST" duration-ms="2">
    </test> <!-- Flight Finder Regression Suite -->
  </suite> <!-- Mercury Tours Regression Suite -->
</testng-results>
